2025-10-22 18:52:32 - src.controllers.tmux_controller.claude - INFO - Initializing TmuxController for claude in session claude
2025-10-22 18:52:32 - src.controllers.tmux_controller.claude - INFO - Starting session 'claude'
2025-10-22 18:52:38 - src.controllers.tmux_controller.claude - INFO - Session 'claude' started successfully and ready
2025-10-22 18:53:08 - src.controllers.tmux_controller.gemini - INFO - Initializing TmuxController for gemini in session gemini
2025-10-22 18:53:08 - src.controllers.tmux_controller.gemini - INFO - Configured post_text_delay=0.500s (text_enter_delay=0.500s)
2025-10-22 18:53:08 - src.controllers.tmux_controller.gemini - INFO - Starting session 'gemini'
2025-10-22 18:53:47 - src.controllers.tmux_controller.gemini - INFO - Session 'gemini' started successfully and ready
2025-10-22 18:53:50 - src.controllers.tmux_controller.codex - INFO - Initializing TmuxController for codex in session codex
2025-10-22 18:53:50 - src.controllers.tmux_controller.codex - INFO - Starting session 'codex'
2025-10-22 18:53:53 - src.controllers.tmux_controller.codex - INFO - Session 'codex' started successfully and ready
2025-10-22 18:53:55 - src.controllers.tmux_controller.gemini - INFO - Sending command: gemini (architect), we're collaborating on: Codex ...
2025-10-22 18:53:55 - src.controllers.tmux_controller.gemini - INFO - Sleeping 0.500s between literal send and submit
2025-10-22 18:53:56 - src.controllers.tmux_controller.gemini - INFO - Sleeping 0.500s before sending submit key 'C-m'
2025-10-22 18:53:56 - src.controllers.tmux_controller.gemini - INFO - Submit key 'C-m' send-keys returned 0
2025-10-22 18:53:56 - src.controllers.tmux_controller.gemini - INFO - Fallback Enter send-keys returned 0
2025-10-22 18:55:11 - src.controllers.tmux_controller.codex - INFO - Sending command: codex (implementation), we're collaborating on: Co...
2025-10-22 18:55:11 - src.controllers.tmux_controller.codex - INFO - Sleeping 0.100s before sending submit key 'Enter'
2025-10-22 18:55:11 - src.controllers.tmux_controller.codex - INFO - Submit key 'Enter' send-keys returned 0
2025-10-22 18:57:42 - src.controllers.tmux_controller.claude - INFO - Sending command: claude (lead reviewer), we're collaborating on: Co...
2025-10-22 18:57:42 - src.controllers.tmux_controller.claude - INFO - Sleeping 0.100s before sending submit key 'Enter'
2025-10-22 18:57:42 - src.controllers.tmux_controller.claude - INFO - Submit key 'Enter' send-keys returned 0
2025-10-22 18:58:12 - src.controllers.tmux_controller.gemini - INFO - Sending command: gemini (architect), we're collaborating on: Codex ...
2025-10-22 18:58:12 - src.controllers.tmux_controller.gemini - INFO - Sleeping 0.500s between literal send and submit
2025-10-22 18:58:13 - src.controllers.tmux_controller.gemini - INFO - Sleeping 0.500s before sending submit key 'C-m'
2025-10-22 18:58:13 - src.controllers.tmux_controller.gemini - INFO - Submit key 'C-m' send-keys returned 0
2025-10-22 18:58:13 - src.controllers.tmux_controller.gemini - INFO - Fallback Enter send-keys returned 0
2025-10-22 18:58:17 - src.controllers.tmux_controller.codex - INFO - Sending command: codex (implementation), we're collaborating on: Co...
2025-10-22 18:58:17 - src.controllers.tmux_controller.codex - INFO - Sleeping 0.100s before sending submit key 'Enter'
2025-10-22 18:58:17 - src.controllers.tmux_controller.codex - INFO - Submit key 'Enter' send-keys returned 0
2025-10-22 19:00:47 - src.controllers.tmux_controller.claude - INFO - Sending command: claude (lead reviewer), we're collaborating on: Co...
2025-10-22 19:00:47 - src.controllers.tmux_controller.claude - INFO - Sleeping 0.100s before sending submit key 'Enter'
2025-10-22 19:00:48 - src.controllers.tmux_controller.claude - INFO - Submit key 'Enter' send-keys returned 0
Three-agent discussion on: Codex integration check-in
================================================================================
Turn 0 • gemini
  Prompt:
    gemini (architect), we're collaborating on: Codex integration check-in.
    Provide your next contribution focusing on actionable steps.
  Response:
    add:         MagicMock(returncode=0, stdout="OpenAI Codex"),  # capture-pane for startup
    add:     ]
    add:
    add:     controller.start_session()
    add:
    add:     # Assert that the correct tmux commands were called
    add:     calls = controller._run_tmux_command.call_args_list
    add:     assert call(['has-session', '-t', 'codex-test-suite']) in calls
    add:     assert call(['new-session', '-d', '-s', 'codex-test-suite', '-c', controller.working_dir, 'codex', '--arg1', '-
    -arg2']) in calls
    add:
    add:     print("✓ Codex startup sequence with args initiated correctly.")
    other: \ No newline at end of file
    ℹ  Gemini CLI update available! 0.9.0 → 0.10.0
    Installed with npm. Attempting to automatically update now...
    Model:  Test case added. Now, running tests to confirm it passes and check for regressions.
    entry for "screenReader".
    responding Shell pytest tests/test_codex_controller.py
    ======================================= test session starts =======================================
    platform linux -- Python 3.10.12, pytest-8.4.2, pluggy-1.6.0
    rootdir: /mnt/f/PROGRAMMING_PROJECTS/Orechestrator2
    plugins: cov-7.0.0, anyio-4.10.0
    collected 5 items
    tests/test_codex_controller.py .FF
    responding Executing Test Suite
--------------------------------------------------------------------------------
Turn 1 • codex
  Prompt:
    codex (implementation), we're collaborating on: Codex integration check-in.
    Provide your next contribution focusing on actionable steps.
    Recent context: gemini: add:         MagicMock(returncode=0, stdout="OpenAI Codex"),  # capture-pane for startup
    add:     ]
    add:
    add:     controller.start_session()
    add:
    add:     # Assert that the correct tmux commands were called
    add:     calls = controller._run_tmux_command.call_args_list
    add:     assert call(['has-session', '-t', 'codex-test-suite']) in calls
    add:     assert call(['new-session', '-d', '-s', 'codex-test-suite', '-c', controller.working_dir, 'codex', '--arg1', '-
    -arg2']) in calls
    add:
    add:     print("✓ Codex startup sequence with args initiated correctly.")
    other: \ No newline at end of file
    ℹ  Gemini CLI update available! 0.9.0 → 0.10.0
    Installed with npm. Attempting to automatically update now...
    Model:  Test case added. Now, running tests to confirm it passes and check for regressions.
    entry for "screenReader".
    responding Shell pytest tests/test_codex_controller.py
    ======================================= test session starts =======================================
    platform linux -- Python 3.10.12, pytest-8.4.2, pluggy-1.6.0
    rootdir: /mnt/f/PROGRAMMING_PROJECTS/Orechestrator2
    plugins: cov-7.0.0, anyio-4.10.0
    collected 5 items
    tests/test_codex_controller.py .FF
    responding Executing Test Suite
  Response:
    setting the TMPDIR to a writable workspace path might help. I’m also checking if test failures relate to argument
    mismatches in calls like 'has-session' and 'new-session', especially differences in working directory usage and mocked
    config returns, to pinpoint misconfigurations or mock setup problems.
    • Explored
    └ Read config_loader.py
    • Ran cd /mnt/f/PROGRAMMING_PROJECTS/Orechestrator2 && pytest tests/test_codex_controller.py -k codex --capture=no -s
    --maxfail=1
    └ failed in sandbox: ============================= test session starts ==============================
    platform linux -- Python 3.10.12, pytest-8.4.2, pluggy-1.6.0
    !!!!!!!!!!!!!!!!!!!!!!!!!! stopping after 1 failures !!!!!!!!!!!!!!!!!!!!!!!!!!!
    ==================== 1 failed, 1 passed, 1 warning in 2.59s ====================
    • Ran cd /mnt/f/PROGRAMMING_PROJECTS/Orechestrator2 && pytest tests/test_codex_controller.py::test_codex_startup
    --capture=no -s
    └ failed in sandbox: ============================= test session starts ==============================
    platform linux -- Python 3.10.12, pytest-8.4.2, pluggy-1.6.0
    FAILED tests/test_codex_controller.py::test_codex_startup - src.controllers.s...
    ========================= 1 failed, 1 warning in 2.56s =========================
    › Summarize recent commits
--------------------------------------------------------------------------------
Turn 2 • claude
  Prompt:
    claude (lead reviewer), we're collaborating on: Codex integration check-in.
    Provide your next contribution focusing on actionable steps.
    Recent context: gemini: add:         MagicMock(returncode=0, stdout="OpenAI Codex"),  # capture-pane for startup
    add:     ]
    add:
    add:     controller.start_session()
    add:
    add:     # Assert that the correct tmux commands were called
    add:     calls = controller._run_tmux_command.call_args_list
    add:     assert call(['has-session', '-t', 'codex-test-suite']) in calls
    add:     assert call(['new-session', '-d', '-s', 'codex-test-suite', '-c', controller.working_dir, 'codex', '--arg1', '-
    -arg2']) in calls
    add:
    add:     print("✓ Codex startup sequence with args initiated correctly.")
    other: \ No newline at end of file
    ℹ  Gemini CLI update available! 0.9.0 → 0.10.0
    Installed with npm. Attempting to automatically update now...
    Model:  Test case added. Now, running tests to confirm it passes and check for regressions.
    entry for "screenReader".
    responding Shell pytest tests/test_codex_controller.py
    ======================================= test session starts =======================================
    platform linux -- Python 3.10.12, pytest-8.4.2, pluggy-1.6.0
    rootdir: /mnt/f/PROGRAMMING_PROJECTS/Orechestrator2
    plugins: cov-7.0.0, anyio-4.10.0
    collected 5 items
    tests/test_codex_controller.py .FF
    responding Executing Test Suite; codex: setting the TMPDIR to a writable workspace path might help. I’m also checking if test failures relate to argument
    mismatches in calls like 'has-session' and 'new-session', especially differences in working directory usage and mocked
    config returns, to pinpoint misconfigurations or mock setup problems.
    • Explored
    └ Read config_loader.py
    • Ran cd /mnt/f/PROGRAMMING_PROJECTS/Orechestrator2 && pytest tests/test_codex_controller.py -k codex --capture=no -s
    --maxfail=1
    └ failed in sandbox: ============================= test session starts ==============================
    platform linux -- Python 3.10.12, pytest-8.4.2, pluggy-1.6.0
    !!!!!!!!!!!!!!!!!!!!!!!!!! stopping after 1 failures !!!!!!!!!!!!!!!!!!!!!!!!!!!
    ==================== 1 failed, 1 passed, 1 warning in 2.59s ====================
    • Ran cd /mnt/f/PROGRAMMING_PROJECTS/Orechestrator2 && pytest tests/test_codex_controller.py::test_codex_startup
    --capture=no -s
    └ failed in sandbox: ============================= test session starts ==============================
    platform linux -- Python 3.10.12, pytest-8.4.2, pluggy-1.6.0
    FAILED tests/test_codex_controller.py::test_codex_startup - src.controllers.s...
    ========================= 1 failed, 1 warning in 2.56s =========================
    › Summarize recent commits
  Response:
    ● Search(pattern: "**/codex_controller.py")
    Found 1 file
    ● Read(src/controllers/codex_controller.py)
    Read 50 lines
    ● Bash(pytest tests/test_codex_controller.py::test_codex_startup -v 2>&1 | tail -50)
    ============================= test session starts ==============================
    platform linux -- Python 3.10.12, pytest-8.4.2, pluggy-1.6.0 -- /usr/bin/python3
    cachedir: .pytest_cache
    Bash(pytest tests/test_codex_controller.py -v)
    tests/test_codex_controller.py::test_codex_startup
    PASSED                [ 40%]
    tests/test_codex_controller.py::test_codex_command_response
    FAILED       [ 60%]
    tests/test_codex_controller.py::test_codex_startup_timeout
    +9 more lines (8s)
    ctrl+b ctrl+b to run in background
--------------------------------------------------------------------------------
Turn 3 • gemini
  Prompt:
    gemini (architect), we're collaborating on: Codex integration check-in.
    Provide your next contribution focusing on actionable steps.
    Recent context: gemini: add:         MagicMock(returncode=0, stdout="OpenAI Codex"),  # capture-pane for startup
    add:     ]
    add:
    add:     controller.start_session()
    add:
    add:     # Assert that the correct tmux commands were called
    add:     calls = controller._run_tmux_command.call_args_list
    add:     assert call(['has-session', '-t', 'codex-test-suite']) in calls
    add:     assert call(['new-session', '-d', '-s', 'codex-test-suite', '-c', controller.working_dir, 'codex', '--arg1', '-
    -arg2']) in calls
    add:
    add:     print("✓ Codex startup sequence with args initiated correctly.")
    other: \ No newline at end of file
    ℹ  Gemini CLI update available! 0.9.0 → 0.10.0
    Installed with npm. Attempting to automatically update now...
    Model:  Test case added. Now, running tests to confirm it passes and check for regressions.
    entry for "screenReader".
    responding Shell pytest tests/test_codex_controller.py
    ======================================= test session starts =======================================
    platform linux -- Python 3.10.12, pytest-8.4.2, pluggy-1.6.0
    rootdir: /mnt/f/PROGRAMMING_PROJECTS/Orechestrator2
    plugins: cov-7.0.0, anyio-4.10.0
    collected 5 items
    tests/test_codex_controller.py .FF
    responding Executing Test Suite; codex: setting the TMPDIR to a writable workspace path might help. I’m also checking if test failures relate to argument
    mismatches in calls like 'has-session' and 'new-session', especially differences in working directory usage and mocked
    config returns, to pinpoint misconfigurations or mock setup problems.
    • Explored
    └ Read config_loader.py
    • Ran cd /mnt/f/PROGRAMMING_PROJECTS/Orechestrator2 && pytest tests/test_codex_controller.py -k codex --capture=no -s
    --maxfail=1
    └ failed in sandbox: ============================= test session starts ==============================
    platform linux -- Python 3.10.12, pytest-8.4.2, pluggy-1.6.0
    !!!!!!!!!!!!!!!!!!!!!!!!!! stopping after 1 failures !!!!!!!!!!!!!!!!!!!!!!!!!!!
    ==================== 1 failed, 1 passed, 1 warning in 2.59s ====================
    • Ran cd /mnt/f/PROGRAMMING_PROJECTS/Orechestrator2 && pytest tests/test_codex_controller.py::test_codex_startup
    --capture=no -s
    └ failed in sandbox: ============================= test session starts ==============================
    platform linux -- Python 3.10.12, pytest-8.4.2, pluggy-1.6.0
    FAILED tests/test_codex_controller.py::test_codex_startup - src.controllers.s...
    ========================= 1 failed, 1 warning in 2.56s =========================
    › Summarize recent commits; claude: ● Search(pattern: "**/codex_controller.py")
    Found 1 file
    ● Read(src/controllers/codex_controller.py)
    Read 50 lines
    ● Bash(pytest tests/test_codex_controller.py::test_codex_startup -v 2>&1 | tail -50)
    ============================= test session starts ==============================
    platform linux -- Python 3.10.12, pytest-8.4.2, pluggy-1.6.0 -- /usr/bin/python3
    cachedir: .pytest_cache
    Bash(pytest tests/test_codex_controller.py -v)
    tests/test_codex_controller.py::test_codex_startup
    PASSED                [ 40%]
    tests/test_codex_controller.py::test_codex_command_response
    FAILED       [ 60%]
    tests/test_codex_controller.py::test_codex_startup_timeout
    +9 more lines (8s)
    ctrl+b ctrl+b to run in background
  Response:
    calls = controller._run_tmux_command.call_args_list add: assert call(['has-session', '-t', 'codex-test-suite']) in calls
    add: assert call(['new-session', '-d', '-s', 'codex-test-suite', '-c', controller.working_dir, 'codex', '--arg1', '-
    -arg2']) in calls add: add: print("✓ Codex startup sequence with args initiated correctly.") other: \ No newline at end
    of file ℹ Gemini CLI update available! 0.9.0 → 0.10.0 Installed with npm. Attempting to automatically update now...
    Model: Test case added. Now, running tests to confirm it passes and check for regressions. entry for "screenReader".
    responding Shell pytest tests/test_codex_controller.py ======================================= test session starts
    ======================================= platform linux -- Python 3.10.12, pytest-8.4.2, pluggy-1.6.0 rootdir:
    /mnt/f/PROGRAMMING_PROJECTS/Orechestrator2 plugins: cov-7.0.0, anyio-4.10.0 collected 5 items
    tests/test_codex_controller.py .FF responding Executing Test Suite; codex: setting the TMPDIR to a writable workspace
    path might help. I’m also checking if test failures relate to argument mismatches in calls like 'has-session' and
    'new-session', especially differences in working directory usage and mocked config returns, to pinpoint
    misconfigurations or mock setup problems. • Explored └ Read config_loader.py • Ran cd
    /mnt/f/PROGRAMMING_PROJECTS/Orechestrator2 && pytest tests/test_codex_controller.py -k codex --capture=no -s --maxfail=1
    └ failed in sandbox: ============================= test session starts ============================== platform linux --
    Python 3.10.12, pytest-8.4.2, pluggy-1.6.0 !!!!!!!!!!!!!!!!!!!!!!!!!! stopping after 1 failures
    !!!!!!!!!!!!!!!!!!!!!!!!!!! ==================== 1 failed, 1 passed, 1 warning in 2.59s ==================== • Ran cd
    /mnt/f/PROGRAMMING_PROJECTS/Orechestrator2 && pytest tests/test_codex_controller.py::test_codex_startup --capture=no -s
    └ failed in sandbox: ============================= test session starts ============================== platform linux --
    Python 3.10.12, pytest-8.4.2, pluggy-1.6.0 FAILED tests/test_codex_controller.py::test_codex_startup -
    src.controllers.s... ========================= 1 failed, 1 warning in 2.56s ========================= › Summarize recent
    commits; claude: ● Search(pattern: "**/codex_controller.py") Found 1 file ● Read(src/controllers/codex_controller.py)
    Read 50 lines ● Bash(pytest tests/test_codex_controller.py::test_codex_startup -v 2>&1 | tail -50)
    ============================= test session starts ============================== platform linux -- Python 3.10.12,
    pytest-8.4.2, pluggy-1.6.0 -- /usr/bin/python3 cachedir: .pytest_cache Bash(pytest tests/test_codex_controller.py -v)
    tests/test_codex_controller.py::test_codex_startup PASSED [ 40%]
    tests/test_codex_controller.py::test_codex_command_response FAILED [ 60%]
    tests/test_codex_controller.py::test_codex_startup_timeout +9 more lines (8s) ctrl+b ctrl+b to run in background
--------------------------------------------------------------------------------
Turn 4 • codex
  Prompt:
    codex (implementation), we're collaborating on: Codex integration check-in.
    Provide your next contribution focusing on actionable steps.
    Recent context: codex: setting the TMPDIR to a writable workspace path might help. I’m also checking if test failures relate to argument
    mismatches in calls like 'has-session' and 'new-session', especially differences in working directory usage and mocked
    config returns, to pinpoint misconfigurations or mock setup problems.
    • Explored
    └ Read config_loader.py
    • Ran cd /mnt/f/PROGRAMMING_PROJECTS/Orechestrator2 && pytest tests/test_codex_controller.py -k codex --capture=no -s
    --maxfail=1
    └ failed in sandbox: ============================= test session starts ==============================
    platform linux -- Python 3.10.12, pytest-8.4.2, pluggy-1.6.0
    !!!!!!!!!!!!!!!!!!!!!!!!!! stopping after 1 failures !!!!!!!!!!!!!!!!!!!!!!!!!!!
    ==================== 1 failed, 1 passed, 1 warning in 2.59s ====================
    • Ran cd /mnt/f/PROGRAMMING_PROJECTS/Orechestrator2 && pytest tests/test_codex_controller.py::test_codex_startup
    --capture=no -s
    └ failed in sandbox: ============================= test session starts ==============================
    platform linux -- Python 3.10.12, pytest-8.4.2, pluggy-1.6.0
    FAILED tests/test_codex_controller.py::test_codex_startup - src.controllers.s...
    ========================= 1 failed, 1 warning in 2.56s =========================
    › Summarize recent commits; claude: ● Search(pattern: "**/codex_controller.py")
    Found 1 file
    ● Read(src/controllers/codex_controller.py)
    Read 50 lines
    ● Bash(pytest tests/test_codex_controller.py::test_codex_startup -v 2>&1 | tail -50)
    ============================= test session starts ==============================
    platform linux -- Python 3.10.12, pytest-8.4.2, pluggy-1.6.0 -- /usr/bin/python3
    cachedir: .pytest_cache
    Bash(pytest tests/test_codex_controller.py -v)
    tests/test_codex_controller.py::test_codex_startup
    PASSED                [ 40%]
    tests/test_codex_controller.py::test_codex_command_response
    FAILED       [ 60%]
    tests/test_codex_controller.py::test_codex_startup_timeout
    +9 more lines (8s)
    ctrl+b ctrl+b to run in background; gemini: calls = controller._run_tmux_command.call_args_list add: assert call(['has-session', '-t', 'codex-test-suite']) in calls
    add: assert call(['new-session', '-d', '-s', 'codex-test-suite', '-c', controller.working_dir, 'codex', '--arg1', '-
    -arg2']) in calls add: add: print("✓ Codex startup sequence with args initiated correctly.") other: \ No newline at end
    of file ℹ Gemini CLI update available! 0.9.0 → 0.10.0 Installed with npm. Attempting to automatically update now...
    Model: Test case added. Now, running tests to confirm it passes and check for regressions. entry for "screenReader".
    responding Shell pytest tests/test_codex_controller.py ======================================= test session starts
    ======================================= platform linux -- Python 3.10.12, pytest-8.4.2, pluggy-1.6.0 rootdir:
    /mnt/f/PROGRAMMING_PROJECTS/Orechestrator2 plugins: cov-7.0.0, anyio-4.10.0 collected 5 items
    tests/test_codex_controller.py .FF responding Executing Test Suite; codex: setting the TMPDIR to a writable workspace
    path might help. I’m also checking if test failures relate to argument mismatches in calls like 'has-session' and
    'new-session', especially differences in working directory usage and mocked config returns, to pinpoint
    misconfigurations or mock setup problems. • Explored └ Read config_loader.py • Ran cd
    /mnt/f/PROGRAMMING_PROJECTS/Orechestrator2 && pytest tests/test_codex_controller.py -k codex --capture=no -s --maxfail=1
    └ failed in sandbox: ============================= test session starts ============================== platform linux --
    Python 3.10.12, pytest-8.4.2, pluggy-1.6.0 !!!!!!!!!!!!!!!!!!!!!!!!!! stopping after 1 failures
    !!!!!!!!!!!!!!!!!!!!!!!!!!! ==================== 1 failed, 1 passed, 1 warning in 2.59s ==================== • Ran cd
    /mnt/f/PROGRAMMING_PROJECTS/Orechestrator2 && pytest tests/test_codex_controller.py::test_codex_startup --capture=no -s
    └ failed in sandbox: ============================= test session starts ============================== platform linux --
    Python 3.10.12, pytest-8.4.2, pluggy-1.6.0 FAILED tests/test_codex_controller.py::test_codex_startup -
    src.controllers.s... ========================= 1 failed, 1 warning in 2.56s ========================= › Summarize recent
    commits; claude: ● Search(pattern: "**/codex_controller.py") Found 1 file ● Read(src/controllers/codex_controller.py)
    Read 50 lines ● Bash(pytest tests/test_codex_controller.py::test_codex_startup -v 2>&1 | tail -50)
    ============================= test session starts ============================== platform linux -- Python 3.10.12,
    pytest-8.4.2, pluggy-1.6.0 -- /usr/bin/python3 cachedir: .pytest_cache Bash(pytest tests/test_codex_controller.py -v)
    tests/test_codex_controller.py::test_codex_startup PASSED [ 40%]
    tests/test_codex_controller.py::test_codex_command_response FAILED [ 60%]
    tests/test_codex_controller.py::test_codex_startup_timeout +9 more lines (8s) ctrl+b ctrl+b to run in background
  Response:
    test_codex_controller.py -v) tests/test_codex_controller.py::test_codex_startup PASSED [ 40%] tests/
    test_codex_controller.py::test_codex_command_response FAILED [ 60%] tests/
    test_codex_controller.py::test_codex_startup_timeout +9 more lines (8s) ctrl+b ctrl+b to run in background
    • I’m noting the major issues with test failures caused by a read-only temp directory and session mocking. I’ll outline
    steps like monkeypatching TMPDIR to a writable path (or os.getcwd() if possible), updating mocks to track session
    state properly, fixing argument typos, and verifying test calls. These clear next steps should help tackle environment
    limits and flaky test behavior.
    ─ Worked for 27s ───────────────────────────────────────────────────────────────────────────────────────────────────────
    • - Update the mock_controller fixture in tests/test_codex_controller.py:17 so _run_tmux_command uses a stateful
    side_effect: return returncode=1 only for the very first ['has-session', …] call, flip to 0 after the
    ['new-session', …] call, and yield stdout="OpenAI Codex" for the ['capture-pane', …] calls. This prevents
    wait_for_startup() from hitting the real capture_output() guard that raises SessionNotFoundError.
    - In test_codex_startup_with_args add the same _verify_environment monkeypatch used in the shared fixture before
    constructing the fresh controller (tests/test_codex_controller.py:133) so that test doesn’t depend on real binaries.
    - Fix the expected new-session assertion in test_codex_startup_with_args to match the actual args tuple—specifically
    ['new-session', '-d', '-s', 'codex-test-suite', '-c', controller.working_dir, 'codex', '--arg1', '--arg2'] (note the
    double hyphen on both flags).
    - After the mock adjustments, rerun pytest tests/test_codex_controller.py::test_codex_startup -s --capture=no (or the
    full file) to confirm the Codex-specific tests now pass even with sandboxed tmp handling; if pytest cache warnings
    persist, they can be ignored once the functional tests are green.
    › Summarize recent commits
--------------------------------------------------------------------------------
Turn 5 • claude
  Prompt:
    claude (lead reviewer), we're collaborating on: Codex integration check-in.
    Provide your next contribution focusing on actionable steps.
    Recent context: claude: ● Search(pattern: "**/codex_controller.py")
    Found 1 file
    ● Read(src/controllers/codex_controller.py)
    Read 50 lines
    ● Bash(pytest tests/test_codex_controller.py::test_codex_startup -v 2>&1 | tail -50)
    ============================= test session starts ==============================
    platform linux -- Python 3.10.12, pytest-8.4.2, pluggy-1.6.0 -- /usr/bin/python3
    cachedir: .pytest_cache
    Bash(pytest tests/test_codex_controller.py -v)
    tests/test_codex_controller.py::test_codex_startup
    PASSED                [ 40%]
    tests/test_codex_controller.py::test_codex_command_response
    FAILED       [ 60%]
    tests/test_codex_controller.py::test_codex_startup_timeout
    +9 more lines (8s)
    ctrl+b ctrl+b to run in background; gemini: calls = controller._run_tmux_command.call_args_list add: assert call(['has-session', '-t', 'codex-test-suite']) in calls
    add: assert call(['new-session', '-d', '-s', 'codex-test-suite', '-c', controller.working_dir, 'codex', '--arg1', '-
    -arg2']) in calls add: add: print("✓ Codex startup sequence with args initiated correctly.") other: \ No newline at end
    of file ℹ Gemini CLI update available! 0.9.0 → 0.10.0 Installed with npm. Attempting to automatically update now...
    Model: Test case added. Now, running tests to confirm it passes and check for regressions. entry for "screenReader".
    responding Shell pytest tests/test_codex_controller.py ======================================= test session starts
    ======================================= platform linux -- Python 3.10.12, pytest-8.4.2, pluggy-1.6.0 rootdir:
    /mnt/f/PROGRAMMING_PROJECTS/Orechestrator2 plugins: cov-7.0.0, anyio-4.10.0 collected 5 items
    tests/test_codex_controller.py .FF responding Executing Test Suite; codex: setting the TMPDIR to a writable workspace
    path might help. I’m also checking if test failures relate to argument mismatches in calls like 'has-session' and
    'new-session', especially differences in working directory usage and mocked config returns, to pinpoint
    misconfigurations or mock setup problems. • Explored └ Read config_loader.py • Ran cd
    /mnt/f/PROGRAMMING_PROJECTS/Orechestrator2 && pytest tests/test_codex_controller.py -k codex --capture=no -s --maxfail=1
    └ failed in sandbox: ============================= test session starts ============================== platform linux --
    Python 3.10.12, pytest-8.4.2, pluggy-1.6.0 !!!!!!!!!!!!!!!!!!!!!!!!!! stopping after 1 failures
    !!!!!!!!!!!!!!!!!!!!!!!!!!! ==================== 1 failed, 1 passed, 1 warning in 2.59s ==================== • Ran cd
    /mnt/f/PROGRAMMING_PROJECTS/Orechestrator2 && pytest tests/test_codex_controller.py::test_codex_startup --capture=no -s
    └ failed in sandbox: ============================= test session starts ============================== platform linux --
    Python 3.10.12, pytest-8.4.2, pluggy-1.6.0 FAILED tests/test_codex_controller.py::test_codex_startup -
    src.controllers.s... ========================= 1 failed, 1 warning in 2.56s ========================= › Summarize recent
    commits; claude: ● Search(pattern: "**/codex_controller.py") Found 1 file ● Read(src/controllers/codex_controller.py)
    Read 50 lines ● Bash(pytest tests/test_codex_controller.py::test_codex_startup -v 2>&1 | tail -50)
    ============================= test session starts ============================== platform linux -- Python 3.10.12,
    pytest-8.4.2, pluggy-1.6.0 -- /usr/bin/python3 cachedir: .pytest_cache Bash(pytest tests/test_codex_controller.py -v)
    tests/test_codex_controller.py::test_codex_startup PASSED [ 40%]
    tests/test_codex_controller.py::test_codex_command_response FAILED [ 60%]
    tests/test_codex_controller.py::test_codex_startup_timeout +9 more lines (8s) ctrl+b ctrl+b to run in background; codex: test_codex_controller.py -v) tests/test_codex_controller.py::test_codex_startup PASSED [ 40%] tests/
    test_codex_controller.py::test_codex_command_response FAILED [ 60%] tests/
    test_codex_controller.py::test_codex_startup_timeout +9 more lines (8s) ctrl+b ctrl+b to run in background
    • I’m noting the major issues with test failures caused by a read-only temp directory and session mocking. I’ll outline
    steps like monkeypatching TMPDIR to a writable path (or os.getcwd() if possible), updating mocks to track session
    state properly, fixing argument typos, and verifying test calls. These clear next steps should help tackle environment
    limits and flaky test behavior.
    ─ Worked for 27s ───────────────────────────────────────────────────────────────────────────────────────────────────────
    • - Update the mock_controller fixture in tests/test_codex_controller.py:17 so _run_tmux_command uses a stateful
    side_effect: return returncode=1 only for the very first ['has-session', …] call, flip to 0 after the
    ['new-session', …] call, and yield stdout="OpenAI Codex" for the ['capture-pane', …] calls. This prevents
    wait_for_startup() from hitting the real capture_output() guard that raises SessionNotFoundError.
    - In test_codex_startup_with_args add the same _verify_environment monkeypatch used in the shared fixture before
    constructing the fresh controller (tests/test_codex_controller.py:133) so that test doesn’t depend on real binaries.
    - Fix the expected new-session assertion in test_codex_startup_with_args to match the actual args tuple—specifically
    ['new-session', '-d', '-s', 'codex-test-suite', '-c', controller.working_dir, 'codex', '--arg1', '--arg2'] (note the
    double hyphen on both flags).
    - After the mock adjustments, rerun pytest tests/test_codex_controller.py::test_codex_startup -s --capture=no (or the
    full file) to confirm the Codex-specific tests now pass even with sandboxed tmp handling; if pytest cache warnings
    persist, they can be ignored once the functional tests are green.
    › Summarize recent commits
  Response:
    platform linux -- Python 3.10.12, pytest-8.4.2, pluggy-1.6.0 !!!!!!!!!!!!!!!!!!!!!!!!!! stopping after 1 failures
    !!!!!!!!!!!!!!!!!!!!!!!!!!! ==================== 1 failed, 1 passed, 1 warning in 2.59s ==================== • Ran
    cd /mnt/f/PROGRAMMING_PROJECTS/Orechestrator2 && pytest tests/test_codex_controller.py::test_codex_startup
    --capture=no -s └ failed in sandbox: ============================= test session starts
    ============================== platform linux -- Python 3.10.12, pytest-8.4.2, pluggy-1.6.0 FAILED
    tests/test_codex_controller.py::test_codex_startup - src.controllers.s... ========================= 1 failed, 1
    warning in 2.56s ========================= › Summarize recent commits; claude: ● Search(pattern:
    "**/codex_controller.py") Found 1 file ● Read(src/controllers/codex_controller.py) Read 50 lines ● Bash(pytest
    tests/test_codex_controller.py::test_codex_startup -v 2>&1 | tail -50) ============================= test session
    starts ============================== platform linux -- Python 3.10.12, pytest-8.4.2, pluggy-1.6.0 --
    /usr/bin/python3 cachedir: .pytest_cache Bash(pytest tests/test_codex_controller.py -v)
    tests/test_codex_controller.py::test_codex_startup PASSED [ 40%]
    tests/test_codex_controller.py::test_codex_command_response FAILED [ 60%]
    tests/test_codex_controller.py::test_codex_startup_timeout +9 more lines (8s) ctrl+b ctrl+b to run in background;
    codex: test_codex_controller.py -v) tests/test_codex_controller.py::test_codex_startup PASSED [ 40%] tests/
    test_codex_controller.py::test_codex_command_response FAILED [ 60%] tests/
    test_codex_controller.py::test_codex_startup_timeout +9 more lines (8s) ctrl+b ctrl+b to run in background • I’m
    noting the major issues with test failures caused by a read-only temp directory and session mocking. I’ll outline
    steps like monkeypatching TMPDIR to a writable path (or os.getcwd() if possible), updating mocks to track session
    state properly, fixing argument typos, and verifying test calls. These clear next steps should help tackle
    environment limits and flaky test behavior. ─ Worked for 27s
    ─────────────────────────────────────────────────────────────────────────────────────────────────────── • - Update
    the mock_controller fixture in tests/test_codex_controller.py:17 so _run_tmux_command uses a stateful side_effect:
    return returncode=1 only for the very first ['has-session', …] call, flip to 0 after the ['new-session', …] call,
    and yield stdout="OpenAI Codex" for the ['capture-pane', …] calls. This prevents wait_for_startup() from hitting the
    real capture_outp[Pasted text #1 +1 lines]
--------------------------------------------------------------------------------

Summary:
gemini: add:         MagicMock(returncode=0, stdout="OpenAI Codex"),  # capture-pane for startup
add:     ]
add:
add:     controller.start_session()
add:
add:     # Assert that the correct tmux commands were called
add:     calls = controller._run_tmux_command.call_args_list
add:     assert call(['has-session', '-t', 'codex-test-suite']) in calls
add:     assert call(['new-session', '-d', '-s',...

[log] Conversation written to logs/three_agent_discussion.log